[debug] [2022-12-02T00:38:43.421Z] ----------------------------------------------------------------------
[debug] [2022-12-02T00:38:43.423Z] Command:       C:\Program Files\nodejs\node.exe C:\Users\Developer\AppData\Roaming\npm\node_modules\firebase-tools\lib\bin\firebase.js init
[debug] [2022-12-02T00:38:43.424Z] CLI Version:   11.16.1
[debug] [2022-12-02T00:38:43.424Z] Platform:      win32
[debug] [2022-12-02T00:38:43.424Z] Node Version:  v16.18.0
[debug] [2022-12-02T00:38:43.425Z] Time:          Thu Dec 01 2022 21:38:43 GMT-0300 (hora estándar de Argentina)
[debug] [2022-12-02T00:38:43.426Z] ----------------------------------------------------------------------
[debug] 
[debug] [2022-12-02T00:38:43.490Z] > command requires scopes: ["email","openid","https://www.googleapis.com/auth/cloudplatformprojects.readonly","https://www.googleapis.com/auth/firebase","https://www.googleapis.com/auth/cloud-platform"]
[debug] [2022-12-02T00:38:43.491Z] > authorizing via signed-in user (luciano.castillo.barilari@gmail.com)
[info] 
     ######## #### ########  ######## ########     ###     ######  ########
     ##        ##  ##     ## ##       ##     ##  ##   ##  ##       ##
     ######    ##  ########  ######   ########  #########  ######  ######
     ##        ##  ##    ##  ##       ##     ## ##     ##       ## ##
     ##       #### ##     ## ######## ########  ##     ##  ######  ########

You're about to initialize a Firebase project in this directory:

  C:\Users\Developer\Documents\PortfolioArgentinaPrograma\Frontend

Before we get started, keep in mind:

  * You are initializing within an existing Firebase project directory

